host: ITSupports-MacBook-Pro.local
Building DAG of jobs...
Using shell: /bin/bash
Provided cores: 1 (use --cores to define parallelism)
Rules claiming more threads will be scaled down.
Job stats:
job         count
--------  -------
all             1
download        1
process         1
report          1
total           4

Select jobs to execute...
Execute 1 jobs...

[Wed Feb 12 16:47:34 2025]
localrule download:
    output: data/raw_data.csv
    jobid: 3
    reason: Missing output files: data/raw_data.csv
    resources: tmpdir=/var/folders/_f/0kqrxwdn69vgvgb02z2m3kqc0000gp/T

[Wed Feb 12 16:47:47 2025]
Finished job 3.
1 of 4 steps (25%) done
Select jobs to execute...
Execute 1 jobs...

[Wed Feb 12 16:47:47 2025]
localrule process:
    input: data/raw_data.csv
    output: data/processed_data.csv
    jobid: 2
    reason: Missing output files: data/processed_data.csv; Input files updated by another job: data/raw_data.csv
    resources: tmpdir=/var/folders/_f/0kqrxwdn69vgvgb02z2m3kqc0000gp/T

[Wed Feb 12 16:47:48 2025]
Finished job 2.
2 of 4 steps (50%) done
Select jobs to execute...
Execute 1 jobs...

[Wed Feb 12 16:47:48 2025]
localrule report:
    input: data/processed_data.csv
    output: data/report.csv
    jobid: 1
    reason: Missing output files: data/report.csv; Input files updated by another job: data/processed_data.csv
    resources: tmpdir=/var/folders/_f/0kqrxwdn69vgvgb02z2m3kqc0000gp/T

[Wed Feb 12 16:47:48 2025]
Finished job 1.
3 of 4 steps (75%) done
Select jobs to execute...
Execute 1 jobs...

[Wed Feb 12 16:47:48 2025]
localrule all:
    input: data/report.csv
    jobid: 0
    reason: Input files updated by another job: data/report.csv
    resources: tmpdir=/var/folders/_f/0kqrxwdn69vgvgb02z2m3kqc0000gp/T

[Wed Feb 12 16:47:48 2025]
Finished job 0.
4 of 4 steps (100%) done
Complete log: .snakemake/log/2025-02-12T164734.726968.snakemake.log
